<?xml version="1.0" encoding="UTF-8"?>
<coverage generated="1618349400987" clover="3.2.0">
  <project timestamp="1618349400987" name="All files">
    <metrics statements="80" coveredstatements="29" conditionals="36" coveredconditionals="9" methods="38" coveredmethods="12" elements="154" coveredelements="50" complexity="0" loc="80" ncloc="80" packages="6" files="9" classes="9"/>
    <package name="src">
      <metrics statements="1" coveredstatements="1" conditionals="0" coveredconditionals="0" methods="0" coveredmethods="0"/>
      <file name="App.vue" path="/home/stanislawuss/.local/src/brewery-js/src/App.vue">
        <metrics statements="1" coveredstatements="1" conditionals="0" coveredconditionals="0" methods="0" coveredmethods="0"/>
        <line num="35" count="1" type="stmt"/>
      </file>
    </package>
    <package name="src.components">
      <metrics statements="18" coveredstatements="9" conditionals="23" coveredconditionals="6" methods="5" coveredmethods="5"/>
      <file name="CocktailCard.vue" path="/home/stanislawuss/.local/src/brewery-js/src/components/CocktailCard.vue">
        <metrics statements="18" coveredstatements="9" conditionals="23" coveredconditionals="6" methods="5" coveredmethods="5"/>
        <line num="30" count="2" type="stmt"/>
        <line num="46" count="3" type="stmt"/>
        <line num="53" count="3" type="stmt"/>
        <line num="54" count="3" type="stmt"/>
        <line num="55" count="45" type="cond" truecount="1" falsecount="1"/>
        <line num="56" count="0" type="stmt"/>
        <line num="62" count="3" type="stmt"/>
        <line num="65" count="21" type="cond" truecount="1" falsecount="2"/>
        <line num="69" count="4" type="cond" truecount="0" falsecount="3"/>
        <line num="74" count="34" type="cond" truecount="4" falsecount="7"/>
        <line num="77" count="0" type="stmt"/>
        <line num="80" count="0" type="stmt"/>
        <line num="82" count="0" type="stmt"/>
        <line num="85" count="0" type="stmt"/>
        <line num="86" count="0" type="stmt"/>
        <line num="87" count="0" type="cond" truecount="0" falsecount="2"/>
        <line num="88" count="0" type="stmt"/>
        <line num="89" count="0" type="stmt"/>
      </file>
    </package>
    <package name="src.router">
      <metrics statements="6" coveredstatements="0" conditionals="0" coveredconditionals="0" methods="3" coveredmethods="0"/>
      <file name="index.js" path="/home/stanislawuss/.local/src/brewery-js/src/router/index.js">
        <metrics statements="6" coveredstatements="0" conditionals="0" coveredconditionals="0" methods="3" coveredmethods="0"/>
        <line num="4" count="0" type="stmt"/>
        <line num="6" count="0" type="stmt"/>
        <line num="10" count="0" type="stmt"/>
        <line num="16" count="0" type="stmt"/>
        <line num="23" count="0" type="stmt"/>
        <line num="29" count="0" type="stmt"/>
      </file>
    </package>
    <package name="src.services">
      <metrics statements="19" coveredstatements="13" conditionals="0" coveredconditionals="0" methods="12" coveredmethods="5"/>
      <file name="APIService.js" path="/home/stanislawuss/.local/src/brewery-js/src/services/APIService.js">
        <metrics statements="19" coveredstatements="13" conditionals="0" coveredconditionals="0" methods="12" coveredmethods="5"/>
        <line num="3" count="3" type="stmt"/>
        <line num="4" count="3" type="stmt"/>
        <line num="6" count="3" type="stmt"/>
        <line num="7" count="2" type="stmt"/>
        <line num="10" count="3" type="stmt"/>
        <line num="11" count="1" type="stmt"/>
        <line num="12" count="0" type="stmt"/>
        <line num="16" count="3" type="stmt"/>
        <line num="17" count="1" type="stmt"/>
        <line num="18" count="0" type="stmt"/>
        <line num="22" count="3" type="stmt"/>
        <line num="23" count="1" type="stmt"/>
        <line num="24" count="0" type="stmt"/>
        <line num="28" count="3" type="stmt"/>
        <line num="29" count="1" type="stmt"/>
        <line num="30" count="0" type="stmt"/>
        <line num="34" count="3" type="stmt"/>
        <line num="35" count="0" type="stmt"/>
        <line num="36" count="0" type="stmt"/>
      </file>
    </package>
    <package name="src.store">
      <metrics statements="11" coveredstatements="0" conditionals="4" coveredconditionals="0" methods="5" coveredmethods="0"/>
      <file name="index.js" path="/home/stanislawuss/.local/src/brewery-js/src/store/index.js">
        <metrics statements="1" coveredstatements="0" conditionals="0" coveredconditionals="0" methods="0" coveredmethods="0"/>
        <line num="6" count="0" type="stmt"/>
      </file>
      <file name="recentlyVisited.js" path="/home/stanislawuss/.local/src/brewery-js/src/store/recentlyVisited.js">
        <metrics statements="10" coveredstatements="0" conditionals="4" coveredconditionals="0" methods="5" coveredmethods="0"/>
        <line num="1" count="0" type="stmt"/>
        <line num="3" count="0" type="stmt"/>
        <line num="7" count="0" type="stmt"/>
        <line num="11" count="0" type="stmt"/>
        <line num="16" count="0" type="stmt"/>
        <line num="17" count="0" type="stmt"/>
        <line num="19" count="0" type="cond" truecount="0" falsecount="2"/>
        <line num="20" count="0" type="stmt"/>
        <line num="22" count="0" type="stmt"/>
        <line num="23" count="0" type="stmt"/>
      </file>
    </package>
    <package name="src.views">
      <metrics statements="25" coveredstatements="6" conditionals="9" coveredconditionals="3" methods="13" coveredmethods="2"/>
      <file name="CocktailsSearch.vue" path="/home/stanislawuss/.local/src/brewery-js/src/views/CocktailsSearch.vue">
        <metrics statements="23" coveredstatements="5" conditionals="9" coveredconditionals="3" methods="13" coveredmethods="2"/>
        <line num="40" count="1" type="stmt"/>
        <line num="46" count="1" type="stmt"/>
        <line num="57" count="1" type="stmt"/>
        <line num="69" count="6" type="cond" truecount="3" falsecount="0"/>
        <line num="70" count="1" type="stmt"/>
        <line num="72" count="0" type="stmt"/>
        <line num="73" count="0" type="stmt"/>
        <line num="75" count="0" type="stmt"/>
        <line num="76" count="0" type="stmt"/>
        <line num="78" count="0" type="stmt"/>
        <line num="79" count="0" type="stmt"/>
        <line num="85" count="0" type="stmt"/>
        <line num="86" count="0" type="stmt"/>
        <line num="87" count="0" type="stmt"/>
        <line num="88" count="0" type="stmt"/>
        <line num="92" count="0" type="cond" truecount="0" falsecount="2"/>
        <line num="96" count="0" type="cond" truecount="0" falsecount="2"/>
        <line num="98" count="0" type="cond" truecount="0" falsecount="2"/>
        <line num="102" count="0" type="stmt"/>
        <line num="105" count="0" type="stmt"/>
        <line num="110" count="0" type="stmt"/>
        <line num="113" count="0" type="stmt"/>
        <line num="118" count="0" type="stmt"/>
      </file>
      <file name="Home.vue" path="/home/stanislawuss/.local/src/brewery-js/src/views/Home.vue">
        <metrics statements="1" coveredstatements="1" conditionals="0" coveredconditionals="0" methods="0" coveredmethods="0"/>
        <line num="8" count="1" type="stmt"/>
      </file>
      <file name="SingleCocktail.vue" path="/home/stanislawuss/.local/src/brewery-js/src/views/SingleCocktail.vue">
        <metrics statements="1" coveredstatements="0" conditionals="0" coveredconditionals="0" methods="0" coveredmethods="0"/>
        <line num="6" count="0" type="stmt"/>
      </file>
    </package>
  </project>
</coverage>
