{"/home/stanislawuss/.local/src/brewery-js/src/App.vue": {"path":"/home/stanislawuss/.local/src/brewery-js/src/App.vue","statementMap":{"0":{"start":{"line":35,"column":0},"end":{"line":35,"column":null}}},"fnMap":{},"branchMap":{},"s":{"0":1},"f":{},"b":{}}
,"/home/stanislawuss/.local/src/brewery-js/src/components/CocktailCard.vue": {"path":"/home/stanislawuss/.local/src/brewery-js/src/components/CocktailCard.vue","statementMap":{"0":{"start":{"line":30,"column":0},"end":{"line":30,"column":null}},"1":{"start":{"line":46,"column":0},"end":{"line":46,"column":null}},"2":{"start":{"line":53,"column":0},"end":{"line":53,"column":null}},"3":{"start":{"line":54,"column":0},"end":{"line":61,"column":null}},"4":{"start":{"line":54,"column":0},"end":{"line":54,"column":null}},"5":{"start":{"line":55,"column":0},"end":{"line":60,"column":null}},"6":{"start":{"line":56,"column":0},"end":{"line":56,"column":null}},"7":{"start":{"line":62,"column":0},"end":{"line":62,"column":null}},"8":{"start":{"line":65,"column":0},"end":{"line":65,"column":null}},"9":{"start":{"line":69,"column":0},"end":{"line":69,"column":null}},"10":{"start":{"line":74,"column":0},"end":{"line":74,"column":null}},"11":{"start":{"line":77,"column":0},"end":{"line":77,"column":null}},"12":{"start":{"line":80,"column":0},"end":{"line":80,"column":null}},"13":{"start":{"line":82,"column":0},"end":{"line":82,"column":null}},"14":{"start":{"line":85,"column":0},"end":{"line":85,"column":null}},"15":{"start":{"line":86,"column":0},"end":{"line":86,"column":null}},"16":{"start":{"line":87,"column":0},"end":{"line":93,"column":null}},"17":{"start":{"line":88,"column":0},"end":{"line":88,"column":null}},"18":{"start":{"line":89,"column":0},"end":{"line":89,"column":null}}},"fnMap":{"0":{"name":"data","decl":{"start":{"line":45,"column":0},"end":{"line":45,"column":null}},"loc":{"start":{"line":45,"column":0},"end":{"line":50,"column":null}}},"1":{"name":"ingredients","decl":{"start":{"line":52,"column":0},"end":{"line":52,"column":null}},"loc":{"start":{"line":52,"column":0},"end":{"line":63,"column":null}}},"2":{"name":"created","decl":{"start":{"line":65,"column":0},"end":{"line":65,"column":null}},"loc":{"start":{"line":65,"column":0},"end":{"line":67,"column":null}}},"3":{"name":"(anonymous_6)","decl":{"start":{"line":69,"column":0},"end":{"line":69,"column":null}},"loc":{"start":{"line":69,"column":0},"end":{"line":69,"column":null}}},"4":{"name":"fetchData","decl":{"start":{"line":74,"column":0},"end":{"line":74,"column":null}},"loc":{"start":{"line":74,"column":0},"end":{"line":94,"column":null}}}},"branchMap":{"0":{"loc":{"start":{"line":55,"column":0},"end":{"line":60,"column":null}},"type":"if","locations":[{"start":{"line":55,"column":0},"end":{"line":60,"column":null}},{"start":{"line":55,"column":0},"end":{"line":60,"column":null}}]},"1":{"loc":{"start":{"line":65,"column":0},"end":{"line":65,"column":null}},"type":"switch","locations":[{"start":{"line":65,"column":0},"end":{"line":65,"column":null}},{"start":{"line":65,"column":0},"end":{"line":65,"column":null}},{"start":{"line":65,"column":0},"end":{"line":65,"column":null}}]},"2":{"loc":{"start":{"line":69,"column":0},"end":{"line":69,"column":null}},"type":"switch","locations":[{"start":{"line":69,"column":0},"end":{"line":69,"column":null}},{"start":{"line":69,"column":0},"end":{"line":69,"column":null}},{"start":{"line":69,"column":0},"end":{"line":69,"column":null}}]},"3":{"loc":{"start":{"line":74,"column":0},"end":{"line":74,"column":null}},"type":"switch","locations":[{"start":{"line":74,"column":0},"end":{"line":74,"column":null}},{"start":{"line":74,"column":0},"end":{"line":74,"column":null}},{"start":{"line":74,"column":0},"end":{"line":74,"column":null}},{"start":{"line":74,"column":0},"end":{"line":74,"column":null}},{"start":{"line":74,"column":0},"end":{"line":74,"column":null}},{"start":{"line":74,"column":0},"end":{"line":82,"column":null}},{"start":{"line":74,"column":0},"end":{"line":93,"column":null}},{"start":{"line":74,"column":0},"end":{"line":74,"column":null}},{"start":{"line":74,"column":0},"end":{"line":74,"column":null}}]},"4":{"loc":{"start":{"line":74,"column":0},"end":{"line":74,"column":null}},"type":"cond-expr","locations":[{"start":{"line":74,"column":0},"end":{"line":74,"column":null}},{"start":{"line":74,"column":0},"end":{"line":74,"column":null}}]},"5":{"loc":{"start":{"line":87,"column":0},"end":{"line":93,"column":null}},"type":"if","locations":[{"start":{"line":87,"column":0},"end":{"line":93,"column":null}},{"start":{"line":87,"column":0},"end":{"line":93,"column":null}}]},"6":{"loc":{"start":{"line":90,"column":0},"end":{"line":90,"column":null}},"type":"cond-expr","locations":[{"start":{"line":90,"column":0},"end":{"line":90,"column":null}},{"start":{"line":90,"column":0},"end":{"line":90,"column":null}}]}},"s":{"0":2,"1":3,"2":3,"3":3,"4":3,"5":45,"6":0,"7":3,"8":21,"9":4,"10":34,"11":0,"12":0,"13":0,"14":0,"15":0,"16":0,"17":0,"18":0},"f":{"0":3,"1":3,"2":9,"3":2,"4":9},"b":{"0":[0,45],"1":[3,0,0],"2":[0,0,0],"3":[3,0,1,0,0,0,0,0,0],"4":[4,6],"5":[0,0],"6":[0,0]}}
,"/home/stanislawuss/.local/src/brewery-js/src/router/index.js": {"path":"/home/stanislawuss/.local/src/brewery-js/src/router/index.js","statementMap":{"0":{"start":{"line":4,"column":0},"end":{"line":4,"column":18}},"1":{"start":{"line":6,"column":15},"end":{"line":27,"column":1}},"2":{"start":{"line":10,"column":21},"end":{"line":10,"column":78}},"3":{"start":{"line":16,"column":6},"end":{"line":18,"column":7}},"4":{"start":{"line":23,"column":6},"end":{"line":25,"column":7}},"5":{"start":{"line":29,"column":15},"end":{"line":33,"column":2}}},"fnMap":{"0":{"name":"(anonymous_0)","decl":{"start":{"line":10,"column":15},"end":{"line":10,"column":16}},"loc":{"start":{"line":10,"column":21},"end":{"line":10,"column":78}},"line":10},"1":{"name":"(anonymous_1)","decl":{"start":{"line":15,"column":15},"end":{"line":15,"column":16}},"loc":{"start":{"line":16,"column":6},"end":{"line":18,"column":7}},"line":16},"2":{"name":"(anonymous_2)","decl":{"start":{"line":22,"column":15},"end":{"line":22,"column":16}},"loc":{"start":{"line":23,"column":6},"end":{"line":25,"column":7}},"line":23}},"branchMap":{},"s":{"0":0,"1":0,"2":0,"3":0,"4":0,"5":0},"f":{"0":0,"1":0,"2":0},"b":{},"hash":"fe8c85009b9369ef19f30d0bf04237c038696528"}
,"/home/stanislawuss/.local/src/brewery-js/src/services/APIService.js": {"path":"/home/stanislawuss/.local/src/brewery-js/src/services/APIService.js","statementMap":{"0":{"start":{"line":3,"column":16},"end":{"line":3,"column":19}},"1":{"start":{"line":4,"column":21},"end":{"line":4,"column":75}},"2":{"start":{"line":6,"column":30},"end":{"line":8,"column":1}},"3":{"start":{"line":7,"column":2},"end":{"line":7,"column":80}},"4":{"start":{"line":7,"column":64},"end":{"line":7,"column":79}},"5":{"start":{"line":10,"column":31},"end":{"line":14,"column":1}},"6":{"start":{"line":11,"column":2},"end":{"line":13,"column":3}},"7":{"start":{"line":12,"column":4},"end":{"line":12,"column":19}},"8":{"start":{"line":16,"column":29},"end":{"line":20,"column":1}},"9":{"start":{"line":17,"column":2},"end":{"line":19,"column":3}},"10":{"start":{"line":18,"column":4},"end":{"line":18,"column":19}},"11":{"start":{"line":22,"column":26},"end":{"line":26,"column":1}},"12":{"start":{"line":23,"column":2},"end":{"line":25,"column":3}},"13":{"start":{"line":24,"column":4},"end":{"line":24,"column":19}},"14":{"start":{"line":28,"column":28},"end":{"line":32,"column":1}},"15":{"start":{"line":29,"column":2},"end":{"line":31,"column":3}},"16":{"start":{"line":30,"column":4},"end":{"line":30,"column":19}},"17":{"start":{"line":34,"column":22},"end":{"line":38,"column":1}},"18":{"start":{"line":35,"column":2},"end":{"line":37,"column":3}},"19":{"start":{"line":36,"column":4},"end":{"line":36,"column":19}}},"fnMap":{"0":{"name":"(anonymous_0)","decl":{"start":{"line":6,"column":30},"end":{"line":6,"column":31}},"loc":{"start":{"line":6,"column":42},"end":{"line":8,"column":1}},"line":6},"1":{"name":"(anonymous_1)","decl":{"start":{"line":7,"column":50},"end":{"line":7,"column":51}},"loc":{"start":{"line":7,"column":64},"end":{"line":7,"column":79}},"line":7},"2":{"name":"(anonymous_2)","decl":{"start":{"line":10,"column":31},"end":{"line":10,"column":32}},"loc":{"start":{"line":10,"column":45},"end":{"line":14,"column":1}},"line":10},"3":{"name":"(anonymous_3)","decl":{"start":{"line":11,"column":58},"end":{"line":11,"column":59}},"loc":{"start":{"line":12,"column":4},"end":{"line":12,"column":19}},"line":12},"4":{"name":"(anonymous_4)","decl":{"start":{"line":16,"column":29},"end":{"line":16,"column":30}},"loc":{"start":{"line":16,"column":41},"end":{"line":20,"column":1}},"line":16},"5":{"name":"(anonymous_5)","decl":{"start":{"line":17,"column":55},"end":{"line":17,"column":56}},"loc":{"start":{"line":18,"column":4},"end":{"line":18,"column":19}},"line":18},"6":{"name":"(anonymous_6)","decl":{"start":{"line":22,"column":26},"end":{"line":22,"column":27}},"loc":{"start":{"line":22,"column":38},"end":{"line":26,"column":1}},"line":22},"7":{"name":"(anonymous_7)","decl":{"start":{"line":23,"column":55},"end":{"line":23,"column":56}},"loc":{"start":{"line":24,"column":4},"end":{"line":24,"column":19}},"line":24},"8":{"name":"(anonymous_8)","decl":{"start":{"line":28,"column":28},"end":{"line":28,"column":29}},"loc":{"start":{"line":28,"column":40},"end":{"line":32,"column":1}},"line":28},"9":{"name":"(anonymous_9)","decl":{"start":{"line":29,"column":55},"end":{"line":29,"column":56}},"loc":{"start":{"line":30,"column":4},"end":{"line":30,"column":19}},"line":30},"10":{"name":"(anonymous_10)","decl":{"start":{"line":34,"column":22},"end":{"line":34,"column":23}},"loc":{"start":{"line":34,"column":44},"end":{"line":38,"column":1}},"line":34},"11":{"name":"(anonymous_11)","decl":{"start":{"line":35,"column":66},"end":{"line":35,"column":67}},"loc":{"start":{"line":36,"column":4},"end":{"line":36,"column":19}},"line":36}},"branchMap":{},"s":{"0":3,"1":3,"2":3,"3":2,"4":0,"5":3,"6":1,"7":0,"8":3,"9":1,"10":0,"11":3,"12":1,"13":0,"14":3,"15":1,"16":0,"17":3,"18":0,"19":0},"f":{"0":2,"1":0,"2":1,"3":0,"4":1,"5":0,"6":1,"7":0,"8":1,"9":0,"10":0,"11":0},"b":{},"_coverageSchema":"43e27e138ebf9cfc5966b082cf9a028302ed4184","hash":"4c8ccac98b1140e5dd93d5272188c7556f241da7"}
,"/home/stanislawuss/.local/src/brewery-js/src/store/index.js": {"path":"/home/stanislawuss/.local/src/brewery-js/src/store/index.js","statementMap":{"0":{"start":{"line":6,"column":0},"end":{"line":6,"column":13}}},"fnMap":{},"branchMap":{},"s":{"0":0},"f":{},"b":{},"hash":"3d54313e9f763b9d4f7135b40f9de136fab3cfb9"}
,"/home/stanislawuss/.local/src/brewery-js/src/store/recentlyVisited.js": {"path":"/home/stanislawuss/.local/src/brewery-js/src/store/recentlyVisited.js","statementMap":{"0":{"start":{"line":1,"column":24},"end":{"line":26,"column":1}},"1":{"start":{"line":3,"column":16},"end":{"line":5,"column":3}},"2":{"start":{"line":7,"column":28},"end":{"line":7,"column":51}},"3":{"start":{"line":11,"column":6},"end":{"line":11,"column":40}},"4":{"start":{"line":16,"column":20},"end":{"line":18,"column":8}},"5":{"start":{"line":17,"column":8},"end":{"line":17,"column":40}},"6":{"start":{"line":19,"column":6},"end":{"line":21,"column":7}},"7":{"start":{"line":20,"column":8},"end":{"line":20,"column":38}},"8":{"start":{"line":22,"column":6},"end":{"line":22,"column":37}},"9":{"start":{"line":23,"column":6},"end":{"line":23,"column":79}}},"fnMap":{"0":{"name":"(anonymous_0)","decl":{"start":{"line":3,"column":9},"end":{"line":3,"column":10}},"loc":{"start":{"line":3,"column":16},"end":{"line":5,"column":3}},"line":3},"1":{"name":"(anonymous_1)","decl":{"start":{"line":7,"column":17},"end":{"line":7,"column":18}},"loc":{"start":{"line":7,"column":28},"end":{"line":7,"column":51}},"line":7},"2":{"name":"(anonymous_2)","decl":{"start":{"line":10,"column":15},"end":{"line":10,"column":16}},"loc":{"start":{"line":10,"column":44},"end":{"line":12,"column":5}},"line":10},"3":{"name":"(anonymous_3)","decl":{"start":{"line":15,"column":17},"end":{"line":15,"column":18}},"loc":{"start":{"line":15,"column":41},"end":{"line":24,"column":5}},"line":15},"4":{"name":"(anonymous_4)","decl":{"start":{"line":16,"column":44},"end":{"line":16,"column":45}},"loc":{"start":{"line":16,"column":53},"end":{"line":18,"column":7}},"line":16}},"branchMap":{"0":{"loc":{"start":{"line":4,"column":13},"end":{"line":4,"column":73}},"type":"binary-expr","locations":[{"start":{"line":4,"column":13},"end":{"line":4,"column":67}},{"start":{"line":4,"column":71},"end":{"line":4,"column":73}}],"line":4},"1":{"loc":{"start":{"line":19,"column":6},"end":{"line":21,"column":7}},"type":"if","locations":[{"start":{"line":19,"column":6},"end":{"line":21,"column":7}},{"start":{"line":19,"column":6},"end":{"line":21,"column":7}}],"line":19}},"s":{"0":0,"1":0,"2":0,"3":0,"4":0,"5":0,"6":0,"7":0,"8":0,"9":0},"f":{"0":0,"1":0,"2":0,"3":0,"4":0},"b":{"0":[0,0],"1":[0,0]},"hash":"f3098921a2e998d95a86982a2e6f17cf04c288b3"}
,"/home/stanislawuss/.local/src/brewery-js/src/views/CocktailsSearch.vue": {"path":"/home/stanislawuss/.local/src/brewery-js/src/views/CocktailsSearch.vue","statementMap":{"0":{"start":{"line":40,"column":0},"end":{"line":40,"column":null}},"1":{"start":{"line":46,"column":0},"end":{"line":46,"column":null}},"2":{"start":{"line":57,"column":0},"end":{"line":57,"column":null}},"3":{"start":{"line":69,"column":0},"end":{"line":69,"column":null}},"4":{"start":{"line":70,"column":0},"end":{"line":81,"column":null}},"5":{"start":{"line":72,"column":0},"end":{"line":74,"column":null}},"6":{"start":{"line":73,"column":0},"end":{"line":73,"column":null}},"7":{"start":{"line":75,"column":0},"end":{"line":77,"column":null}},"8":{"start":{"line":76,"column":0},"end":{"line":76,"column":null}},"9":{"start":{"line":78,"column":0},"end":{"line":80,"column":null}},"10":{"start":{"line":79,"column":0},"end":{"line":79,"column":null}},"11":{"start":{"line":85,"column":0},"end":{"line":85,"column":null}},"12":{"start":{"line":86,"column":0},"end":{"line":89,"column":null}},"13":{"start":{"line":87,"column":0},"end":{"line":87,"column":null}},"14":{"start":{"line":88,"column":0},"end":{"line":88,"column":null}},"15":{"start":{"line":92,"column":0},"end":{"line":92,"column":null}},"16":{"start":{"line":96,"column":0},"end":{"line":96,"column":null}},"17":{"start":{"line":98,"column":0},"end":{"line":98,"column":null}},"18":{"start":{"line":102,"column":0},"end":{"line":102,"column":null}},"19":{"start":{"line":105,"column":0},"end":{"line":105,"column":null}},"20":{"start":{"line":110,"column":0},"end":{"line":110,"column":null}},"21":{"start":{"line":113,"column":0},"end":{"line":113,"column":null}},"22":{"start":{"line":118,"column":0},"end":{"line":118,"column":null}}},"fnMap":{"0":{"name":"data","decl":{"start":{"line":56,"column":0},"end":{"line":56,"column":null}},"loc":{"start":{"line":56,"column":0},"end":{"line":68,"column":null}}},"1":{"name":"created","decl":{"start":{"line":69,"column":0},"end":{"line":69,"column":null}},"loc":{"start":{"line":69,"column":0},"end":{"line":83,"column":null}}},"2":{"name":"(anonymous_5)","decl":{"start":{"line":70,"column":0},"end":{"line":70,"column":null}},"loc":{"start":{"line":70,"column":0},"end":{"line":81,"column":null}}},"3":{"name":"(anonymous_6)","decl":{"start":{"line":72,"column":0},"end":{"line":72,"column":null}},"loc":{"start":{"line":72,"column":0},"end":{"line":74,"column":null}}},"4":{"name":"(anonymous_7)","decl":{"start":{"line":75,"column":0},"end":{"line":75,"column":null}},"loc":{"start":{"line":75,"column":0},"end":{"line":77,"column":null}}},"5":{"name":"(anonymous_8)","decl":{"start":{"line":78,"column":0},"end":{"line":78,"column":null}},"loc":{"start":{"line":78,"column":0},"end":{"line":80,"column":null}}},"6":{"name":"search","decl":{"start":{"line":85,"column":0},"end":{"line":85,"column":null}},"loc":{"start":{"line":85,"column":0},"end":{"line":90,"column":null}}},"7":{"name":"(anonymous_10)","decl":{"start":{"line":86,"column":0},"end":{"line":86,"column":null}},"loc":{"start":{"line":86,"column":0},"end":{"line":89,"column":null}}},"8":{"name":"filter","decl":{"start":{"line":91,"column":0},"end":{"line":91,"column":null}},"loc":{"start":{"line":91,"column":0},"end":{"line":103,"column":null}}},"9":{"name":"filterAlcoholic","decl":{"start":{"line":104,"column":0},"end":{"line":104,"column":null}},"loc":{"start":{"line":104,"column":0},"end":{"line":108,"column":null}}},"10":{"name":"filterGlass","decl":{"start":{"line":109,"column":0},"end":{"line":109,"column":null}},"loc":{"start":{"line":109,"column":0},"end":{"line":111,"column":null}}},"11":{"name":"filterCategory","decl":{"start":{"line":112,"column":0},"end":{"line":112,"column":null}},"loc":{"start":{"line":112,"column":0},"end":{"line":116,"column":null}}},"12":{"name":"routeToCocktail","decl":{"start":{"line":117,"column":0},"end":{"line":117,"column":null}},"loc":{"start":{"line":117,"column":0},"end":{"line":119,"column":null}}}},"branchMap":{"0":{"loc":{"start":{"line":69,"column":0},"end":{"line":81,"column":null}},"type":"switch","locations":[{"start":{"line":69,"column":0},"end":{"line":81,"column":null}},{"start":{"line":69,"column":0},"end":{"line":69,"column":null}},{"start":{"line":69,"column":0},"end":{"line":69,"column":null}}]},"1":{"loc":{"start":{"line":92,"column":0},"end":{"line":92,"column":null}},"type":"cond-expr","locations":[{"start":{"line":92,"column":0},"end":{"line":92,"column":null}},{"start":{"line":92,"column":0},"end":{"line":92,"column":null}}]},"2":{"loc":{"start":{"line":96,"column":0},"end":{"line":96,"column":null}},"type":"cond-expr","locations":[{"start":{"line":96,"column":0},"end":{"line":96,"column":null}},{"start":{"line":96,"column":0},"end":{"line":96,"column":null}}]},"3":{"loc":{"start":{"line":98,"column":0},"end":{"line":98,"column":null}},"type":"cond-expr","locations":[{"start":{"line":98,"column":0},"end":{"line":98,"column":null}},{"start":{"line":98,"column":0},"end":{"line":98,"column":null}}]}},"s":{"0":1,"1":1,"2":1,"3":6,"4":1,"5":0,"6":0,"7":0,"8":0,"9":0,"10":0,"11":0,"12":0,"13":0,"14":0,"15":0,"16":0,"17":0,"18":0,"19":0,"20":0,"21":0,"22":0},"f":{"0":1,"1":3,"2":0,"3":0,"4":0,"5":0,"6":0,"7":0,"8":0,"9":0,"10":0,"11":0,"12":0},"b":{"0":[1,1,1],"1":[0,0],"2":[0,0],"3":[0,0]}}
,"/home/stanislawuss/.local/src/brewery-js/src/views/Home.vue": {"path":"/home/stanislawuss/.local/src/brewery-js/src/views/Home.vue","statementMap":{"0":{"start":{"line":8,"column":0},"end":{"line":8,"column":null}}},"fnMap":{},"branchMap":{},"s":{"0":1},"f":{},"b":{}}
,"/home/stanislawuss/.local/src/brewery-js/src/views/SingleCocktail.vue": {"path":"/home/stanislawuss/.local/src/brewery-js/src/views/SingleCocktail.vue","statementMap":{"0":{"start":{"line":6,"column":0},"end":{"line":6,"column":null}}},"fnMap":{},"branchMap":{},"s":{"0":0},"f":{},"b":{}}
}
