TN:
SF:/home/stanislawuss/.local/src/brewery-js/src/App.vue
FNF:0
FNH:0
DA:35,1
LF:1
LH:1
BRF:0
BRH:0
end_of_record
TN:
SF:/home/stanislawuss/.local/src/brewery-js/src/components/CocktailCard.vue
FN:45,data
FN:52,ingredients
FN:65,created
FN:69,(anonymous_6)
FN:74,fetchData
FNF:5
FNH:5
FNDA:3,data
FNDA:3,ingredients
FNDA:9,created
FNDA:2,(anonymous_6)
FNDA:9,fetchData
DA:30,2
DA:46,3
DA:53,3
DA:54,3
DA:55,45
DA:56,0
DA:62,3
DA:65,21
DA:69,4
DA:74,34
DA:77,0
DA:80,0
DA:82,0
DA:85,0
DA:86,0
DA:87,0
DA:88,0
DA:89,0
LF:18
LH:9
BRDA:55,0,0,0
BRDA:55,0,1,45
BRDA:65,1,0,3
BRDA:65,1,1,0
BRDA:65,1,2,0
BRDA:69,2,0,0
BRDA:69,2,1,0
BRDA:69,2,2,0
BRDA:74,3,0,3
BRDA:74,3,1,0
BRDA:74,3,2,1
BRDA:74,3,3,0
BRDA:74,3,4,0
BRDA:74,3,5,0
BRDA:74,3,6,0
BRDA:74,3,7,0
BRDA:74,3,8,0
BRDA:74,4,0,4
BRDA:74,4,1,6
BRDA:87,5,0,0
BRDA:87,5,1,0
BRDA:90,6,0,0
BRDA:90,6,1,0
BRF:23
BRH:6
end_of_record
TN:
SF:/home/stanislawuss/.local/src/brewery-js/src/router/index.js
FN:10,(anonymous_0)
FN:15,(anonymous_1)
FN:22,(anonymous_2)
FNF:3
FNH:0
FNDA:0,(anonymous_0)
FNDA:0,(anonymous_1)
FNDA:0,(anonymous_2)
DA:4,0
DA:6,0
DA:10,0
DA:16,0
DA:23,0
DA:29,0
LF:6
LH:0
BRF:0
BRH:0
end_of_record
TN:
SF:/home/stanislawuss/.local/src/brewery-js/src/services/APIService.js
FN:6,(anonymous_0)
FN:7,(anonymous_1)
FN:10,(anonymous_2)
FN:11,(anonymous_3)
FN:16,(anonymous_4)
FN:17,(anonymous_5)
FN:22,(anonymous_6)
FN:23,(anonymous_7)
FN:28,(anonymous_8)
FN:29,(anonymous_9)
FN:34,(anonymous_10)
FN:35,(anonymous_11)
FNF:12
FNH:5
FNDA:2,(anonymous_0)
FNDA:0,(anonymous_1)
FNDA:1,(anonymous_2)
FNDA:0,(anonymous_3)
FNDA:1,(anonymous_4)
FNDA:0,(anonymous_5)
FNDA:1,(anonymous_6)
FNDA:0,(anonymous_7)
FNDA:1,(anonymous_8)
FNDA:0,(anonymous_9)
FNDA:0,(anonymous_10)
FNDA:0,(anonymous_11)
DA:3,3
DA:4,3
DA:6,3
DA:7,2
DA:10,3
DA:11,1
DA:12,0
DA:16,3
DA:17,1
DA:18,0
DA:22,3
DA:23,1
DA:24,0
DA:28,3
DA:29,1
DA:30,0
DA:34,3
DA:35,0
DA:36,0
LF:19
LH:13
BRF:0
BRH:0
end_of_record
TN:
SF:/home/stanislawuss/.local/src/brewery-js/src/store/index.js
FNF:0
FNH:0
DA:6,0
LF:1
LH:0
BRF:0
BRH:0
end_of_record
TN:
SF:/home/stanislawuss/.local/src/brewery-js/src/store/recentlyVisited.js
FN:3,(anonymous_0)
FN:7,(anonymous_1)
FN:10,(anonymous_2)
FN:15,(anonymous_3)
FN:16,(anonymous_4)
FNF:5
FNH:0
FNDA:0,(anonymous_0)
FNDA:0,(anonymous_1)
FNDA:0,(anonymous_2)
FNDA:0,(anonymous_3)
FNDA:0,(anonymous_4)
DA:1,0
DA:3,0
DA:7,0
DA:11,0
DA:16,0
DA:17,0
DA:19,0
DA:20,0
DA:22,0
DA:23,0
LF:10
LH:0
BRDA:4,0,0,0
BRDA:4,0,1,0
BRDA:19,1,0,0
BRDA:19,1,1,0
BRF:4
BRH:0
end_of_record
TN:
SF:/home/stanislawuss/.local/src/brewery-js/src/views/CocktailsSearch.vue
FN:56,data
FN:69,created
FN:70,(anonymous_5)
FN:72,(anonymous_6)
FN:75,(anonymous_7)
FN:78,(anonymous_8)
FN:85,search
FN:86,(anonymous_10)
FN:91,filter
FN:104,filterAlcoholic
FN:109,filterGlass
FN:112,filterCategory
FN:117,routeToCocktail
FNF:13
FNH:2
FNDA:1,data
FNDA:3,created
FNDA:0,(anonymous_5)
FNDA:0,(anonymous_6)
FNDA:0,(anonymous_7)
FNDA:0,(anonymous_8)
FNDA:0,search
FNDA:0,(anonymous_10)
FNDA:0,filter
FNDA:0,filterAlcoholic
FNDA:0,filterGlass
FNDA:0,filterCategory
FNDA:0,routeToCocktail
DA:40,1
DA:46,1
DA:57,1
DA:69,6
DA:70,1
DA:72,0
DA:73,0
DA:75,0
DA:76,0
DA:78,0
DA:79,0
DA:85,0
DA:86,0
DA:87,0
DA:88,0
DA:92,0
DA:96,0
DA:98,0
DA:102,0
DA:105,0
DA:110,0
DA:113,0
DA:118,0
LF:23
LH:5
BRDA:69,0,0,1
BRDA:69,0,1,1
BRDA:69,0,2,1
BRDA:92,1,0,0
BRDA:92,1,1,0
BRDA:96,2,0,0
BRDA:96,2,1,0
BRDA:98,3,0,0
BRDA:98,3,1,0
BRF:9
BRH:3
end_of_record
TN:
SF:/home/stanislawuss/.local/src/brewery-js/src/views/Home.vue
FNF:0
FNH:0
DA:8,1
LF:1
LH:1
BRF:0
BRH:0
end_of_record
TN:
SF:/home/stanislawuss/.local/src/brewery-js/src/views/SingleCocktail.vue
FNF:0
FNH:0
DA:6,0
LF:1
LH:0
BRF:0
BRH:0
end_of_record
